Using pre-set license
Built from '2022.3/staging' branch; Version is '2022.3.14f1 (eff2de9070d8) revision 15725278'; Using compiler version '192829333'; Build Type 'Release'
OS: 'Windows 10  (10.0.19045) 64bit Professional' Language: 'ko' Physical Memory: 16234 MB
BatchMode: 1, IsHumanControllingUs: 0, StartBugReporterOnCrash: 0, Is64bit: 1, IsPro: 1

COMMAND LINE ARGUMENTS:
C:\Program Files\Unity\Hub\Editor\2022.3.14f1\Editor\Unity.exe
-adb2
-batchMode
-noUpm
-name
AssetImportWorker3
-projectPath
C:/Users/G/VRMeta
-logFile
Logs/AssetImportWorker3.log
-srvPort
53618
Successfully changed project path to: C:/Users/G/VRMeta
C:/Users/G/VRMeta
[UnityMemory] Configuration Parameters - Can be set up in boot.config
    "memorysetup-bucket-allocator-granularity=16"
    "memorysetup-bucket-allocator-bucket-count=8"
    "memorysetup-bucket-allocator-block-size=33554432"
    "memorysetup-bucket-allocator-block-count=8"
    "memorysetup-main-allocator-block-size=16777216"
    "memorysetup-thread-allocator-block-size=16777216"
    "memorysetup-gfx-main-allocator-block-size=16777216"
    "memorysetup-gfx-thread-allocator-block-size=16777216"
    "memorysetup-cache-allocator-block-size=4194304"
    "memorysetup-typetree-allocator-block-size=2097152"
    "memorysetup-profiler-bucket-allocator-granularity=16"
    "memorysetup-profiler-bucket-allocator-bucket-count=8"
    "memorysetup-profiler-bucket-allocator-block-size=33554432"
    "memorysetup-profiler-bucket-allocator-block-count=8"
    "memorysetup-profiler-allocator-block-size=16777216"
    "memorysetup-profiler-editor-allocator-block-size=1048576"
    "memorysetup-temp-allocator-size-main=16777216"
    "memorysetup-job-temp-allocator-block-size=2097152"
    "memorysetup-job-temp-allocator-block-size-background=1048576"
    "memorysetup-job-temp-allocator-reduction-small-platforms=262144"
    "memorysetup-allocator-temp-initial-block-size-main=262144"
    "memorysetup-allocator-temp-initial-block-size-worker=262144"
    "memorysetup-temp-allocator-size-background-worker=32768"
    "memorysetup-temp-allocator-size-job-worker=262144"
    "memorysetup-temp-allocator-size-preload-manager=33554432"
    "memorysetup-temp-allocator-size-nav-mesh-worker=65536"
    "memorysetup-temp-allocator-size-audio-worker=65536"
    "memorysetup-temp-allocator-size-cloud-worker=32768"
    "memorysetup-temp-allocator-size-gi-baking-worker=262144"
    "memorysetup-temp-allocator-size-gfx=262144"
Player connection [10596] Host "[IP] 192.168.0.71 [Port] 0 [Flags] 2 [Guid] 47344673 [EditorId] 47344673 [Version] 1048832 [Id] WindowsEditor(7,DESKTOP-K22) [Debug] 1 [PackageName] WindowsEditor [ProjectName] Editor" joined multi-casting on [225.0.0.222:54997]...

Player connection [10596] Host "[IP] 192.168.0.71 [Port] 0 [Flags] 2 [Guid] 47344673 [EditorId] 47344673 [Version] 1048832 [Id] WindowsEditor(7,DESKTOP-K22) [Debug] 1 [PackageName] WindowsEditor [ProjectName] Editor" joined alternative multi-casting on [225.0.0.222:34997]...

[Physics::Module] Initialized MultithreadedJobDispatcher with 19 workers.
Refreshing native plugins compatible for Editor in 20.77 ms, found 8 plugins.
Preloading 2 native plugins for Editor in 2.14 ms.
Initialize engine version: 2022.3.14f1 (eff2de9070d8)
[Subsystems] Discovering subsystems at path C:/Program Files/Unity/Hub/Editor/2022.3.14f1/Editor/Data/Resources/UnitySubsystems
[Subsystems] Discovering subsystems at path C:/Users/G/VRMeta/Assets
GfxDevice: creating device client; threaded=0; jobified=0
Direct3D:
    Version:  Direct3D 11.0 [level 11.1]
    Renderer: NVIDIA GeForce RTX 3060 Ti (ID=0x2489)
    Vendor:   NVIDIA
    VRAM:     8038 MB
    Driver:   31.0.15.3623
Shader 'Oculus/OVRMRCameraFrameLit': fallback shader 'Alpha-Diffuse' not found
Initialize mono
Mono path[0] = 'C:/Program Files/Unity/Hub/Editor/2022.3.14f1/Editor/Data/Managed'
Mono path[1] = 'C:/Program Files/Unity/Hub/Editor/2022.3.14f1/Editor/Data/MonoBleedingEdge/lib/mono/unityjit-win32'
Mono config path = 'C:/Program Files/Unity/Hub/Editor/2022.3.14f1/Editor/Data/MonoBleedingEdge/etc'
Using monoOptions --debugger-agent=transport=dt_socket,embedding=1,server=y,suspend=n,address=127.0.0.1:56428
Begin MonoManager ReloadAssembly
Registering precompiled unity dll's ...
Register platform support module: C:/Program Files/Unity/Hub/Editor/2022.3.14f1/Editor/Data/PlaybackEngines/AndroidPlayer/UnityEditor.Android.Extensions.dll
Register platform support module: C:/Program Files/Unity/Hub/Editor/2022.3.14f1/Editor/Data/PlaybackEngines/WindowsStandaloneSupport/UnityEditor.WindowsStandalone.Extensions.dll
Registered in 0.012569 seconds.
- Loaded All Assemblies, in  0.471 seconds
Native extension for WindowsStandalone target not found
Native extension for Android target not found
Android Extension - Scanning For ADB Devices 333 ms
Mono: successfully reloaded assembly
- Finished resetting the current domain, in  0.757 seconds
Domain Reload Profiling: 1226ms
	BeginReloadAssembly (141ms)
		ExecutionOrderSort (0ms)
		DisableScriptedObjects (0ms)
		BackupInstance (0ms)
		ReleaseScriptingObjects (0ms)
		CreateAndSetChildDomain (1ms)
	RebuildCommonClasses (41ms)
	RebuildNativeTypeToScriptingClass (13ms)
	initialDomainReloadingComplete (83ms)
	LoadAllAssembliesAndSetupDomain (192ms)
		LoadAssemblies (139ms)
		RebuildTransferFunctionScriptingTraits (0ms)
		AnalyzeDomain (188ms)
			TypeCache.Refresh (185ms)
				TypeCache.ScanAssembly (166ms)
			ScanForSourceGeneratedMonoScriptInfo (0ms)
			ResolveRequiredComponents (1ms)
	FinalizeReload (757ms)
		ReleaseScriptCaches (0ms)
		RebuildScriptCaches (0ms)
		SetupLoadedEditorAssemblies (669ms)
			LogAssemblyErrors (0ms)
			InitializePlatformSupportModulesInManaged (486ms)
			SetLoadedEditorAssemblies (4ms)
			RefreshPlugins (0ms)
			BeforeProcessingInitializeOnLoad (3ms)
			ProcessInitializeOnLoadAttributes (120ms)
			ProcessInitializeOnLoadMethodAttributes (56ms)
			AfterProcessingInitializeOnLoad (0ms)
			EditorAssembliesLoaded (0ms)
		ExecutionOrderSort2 (0ms)
		AwakeInstancesAfterBackupRestoration (0ms)
========================================================================
Worker process is ready to serve import requests
Begin MonoManager ReloadAssembly
- Loaded All Assemblies, in  0.865 seconds
Refreshing native plugins compatible for Editor in 9.09 ms, found 8 plugins.
Native extension for WindowsStandalone target not found
Native extension for Android target not found
Package Manager log level set to [2]
[Package Manager] Server::EnsureServerProcessIsRunning -- launch failed, reason: Unity was launched with the -noUpm command-line argument
[Package Manager] UpmClient::Send -- Unable to send message (not connected to UPM process).
[Package Manager] Cannot connect to Unity Package Manager local server
Mono: successfully reloaded assembly
- Finished resetting the current domain, in  1.036 seconds
Domain Reload Profiling: 1897ms
	BeginReloadAssembly (163ms)
		ExecutionOrderSort (0ms)
		DisableScriptedObjects (7ms)
		BackupInstance (0ms)
		ReleaseScriptingObjects (0ms)
		CreateAndSetChildDomain (24ms)
	RebuildCommonClasses (39ms)
	RebuildNativeTypeToScriptingClass (13ms)
	initialDomainReloadingComplete (49ms)
	LoadAllAssembliesAndSetupDomain (597ms)
		LoadAssemblies (396ms)
		RebuildTransferFunctionScriptingTraits (0ms)
		AnalyzeDomain (292ms)
			TypeCache.Refresh (239ms)
				TypeCache.ScanAssembly (217ms)
			ScanForSourceGeneratedMonoScriptInfo (34ms)
			ResolveRequiredComponents (17ms)
	FinalizeReload (1036ms)
		ReleaseScriptCaches (0ms)
		RebuildScriptCaches (0ms)
		SetupLoadedEditorAssemblies (811ms)
			LogAssemblyErrors (0ms)
			InitializePlatformSupportModulesInManaged (29ms)
			SetLoadedEditorAssemblies (6ms)
			RefreshPlugins (0ms)
			BeforeProcessingInitializeOnLoad (96ms)
			ProcessInitializeOnLoadAttributes (643ms)
			ProcessInitializeOnLoadMethodAttributes (27ms)
			AfterProcessingInitializeOnLoad (9ms)
			EditorAssembliesLoaded (0ms)
		ExecutionOrderSort2 (0ms)
		AwakeInstancesAfterBackupRestoration (7ms)
Shader 'Oculus/OVRMRCameraFrameLit': fallback shader 'Alpha-Diffuse' not found
Launched and connected shader compiler UnityShaderCompiler.exe after 0.04 seconds
Refreshing native plugins compatible for Editor in 4.37 ms, found 8 plugins.
Preloading 2 native plugins for Editor in 0.06 ms.
Unloading 4866 Unused Serialized files (Serialized files now loaded: 0)
Unloading 68 unused Assets / (200.3 KB). Loaded Objects now: 5304.
Memory consumption went from 197.6 MB to 197.4 MB.
Total: 3.110000 ms (FindLiveObjects: 0.378300 ms CreateObjectMapping: 0.177200 ms MarkObjects: 2.387500 ms  DeleteObjects: 0.165800 ms)

AssetImportParameters requested are different than current active one (requested -> active):
  custom:container-demuxer-ogg: 62fdf1f143b41e24485cea50d1cbac27 -> 
  custom:video-decoder-ogg-theora: a1e56fd34408186e4bbccfd4996cb3dc -> 
  custom:framework-win-MediaFoundation: 216162199b28c13a410421893ffa2e32 -> 
  custom:container-demuxer-webm: 4f35f7cbe854078d1ac9338744f61a02 -> 
  custom:container-muxer-webm: aa71ff27fc2769a1b78a27578f13a17b -> 
  custom:video-decoder-webm-vp8: 9c59270c3fd7afecdb556c50c9e8de78 -> 
  custom:AudioImporter_EditorPlatform: d09bf68614088b80899f8185d706f6e7 -> 
  custom:video-encoder-webm-vp8: eb34c28f22e8b96e1ab97ce403110664 -> 
  custom:audio-decoder-ogg-vorbis: bf7c407c2cedff20999df2af8eb42d56 -> 
  custom:audio-encoder-webm-vorbis: bf7c407c2cedff20999df2af8eb42d56 -> 
========================================================================
Received Import Request.
  Time since last request: 11287.378971 seconds.
  path: Assets/Oculus/Interaction/OVRIntegration/Editor/Blocks/SyntheticHands/Prefabs/[BB] Left Hand Synthetic.prefab
  artifactKey: Guid(81b0c6f02d961984eb074b9834c049ae) Importer(815301076,1909f56bfc062723c751e8b465ee728b)
Start importing Assets/Oculus/Interaction/OVRIntegration/Editor/Blocks/SyntheticHands/Prefabs/[BB] Left Hand Synthetic.prefab using Guid(81b0c6f02d961984eb074b9834c049ae) Importer(815301076,1909f56bfc062723c751e8b465ee728b)  -> (artifact id: 'cfd36f583ef0fdde24a26eef0af36a7a') in 0.188353 seconds
Number of updated asset objects reloaded before import = 0
Number of asset objects unloaded after import = 175
========================================================================
Received Import Request.
  Time since last request: 0.000033 seconds.
  path: Assets/Oculus/Interaction/Runtime/Prefabs/HandGrab/HandGrabInteractable.prefab
  artifactKey: Guid(a7a283c538f526040acd7c29703dad02) Importer(815301076,1909f56bfc062723c751e8b465ee728b)
Start importing Assets/Oculus/Interaction/Runtime/Prefabs/HandGrab/HandGrabInteractable.prefab using Guid(a7a283c538f526040acd7c29703dad02) Importer(815301076,1909f56bfc062723c751e8b465ee728b)  -> (artifact id: '1cd4d17ee799ef91ce06a0d5ae871611') in 0.007473 seconds
Number of updated asset objects reloaded before import = 0
Number of asset objects unloaded after import = 6
========================================================================
Received Import Request.
  Time since last request: 0.000031 seconds.
  path: Assets/Oculus/SampleFramework/Usage/Passthrough/Materials/FatHand.mat
  artifactKey: Guid(ab04d9fb6b1844341887a1606c641c42) Importer(815301076,1909f56bfc062723c751e8b465ee728b)
Start importing Assets/Oculus/SampleFramework/Usage/Passthrough/Materials/FatHand.mat using Guid(ab04d9fb6b1844341887a1606c641c42) Importer(815301076,1909f56bfc062723c751e8b465ee728b)  -> (artifact id: '20c433c5194f9ca631a7549115b2153a') in 0.042755 seconds
Number of updated asset objects reloaded before import = 0
Number of asset objects unloaded after import = 2
========================================================================
Received Import Request.
  Time since last request: 0.000034 seconds.
  path: Assets/Oculus/SampleFramework/Core/DistanceGrab/Prefabs/DistanceGrabHandLeft.prefab
  artifactKey: Guid(0242aa8515b4bc947a945a5c6df83ee9) Importer(815301076,1909f56bfc062723c751e8b465ee728b)
Start importing Assets/Oculus/SampleFramework/Core/DistanceGrab/Prefabs/DistanceGrabHandLeft.prefab using Guid(0242aa8515b4bc947a945a5c6df83ee9) Importer(815301076,1909f56bfc062723c751e8b465ee728b)  -> (artifact id: '54b0ceb7c88ab3ec52e47bf31470976b') in 0.177150 seconds
Number of updated asset objects reloaded before import = 0
Number of asset objects unloaded after import = 188
========================================================================
Received Import Request.
  Time since last request: 27.502856 seconds.
  path: Assets/Oculus/AudioManager/Oculus.AudioManager.asmdef
  artifactKey: Guid(21b850ac1b5452b46a20c637f002dbf9) Importer(2089858483,0ecaa5967403d082aa24f35e1b516d23)
Start importing Assets/Oculus/AudioManager/Oculus.AudioManager.asmdef using Guid(21b850ac1b5452b46a20c637f002dbf9) Importer(2089858483,0ecaa5967403d082aa24f35e1b516d23)  -> (artifact id: '796485e0ac6010be11ecd02cc9344c64') in 0.108822 seconds
Number of updated asset objects reloaded before import = 0
Number of asset objects unloaded after import = 1
========================================================================
Received Import Request.
  Time since last request: 0.000417 seconds.
  path: Assets/Oculus/Platform/Scripts/AdvancedAbuseReportOptions.cs
  artifactKey: Guid(7ac3d6e4baf52604f9120a266f7e5c5b) Importer(2089858483,0ecaa5967403d082aa24f35e1b516d23)
Start importing Assets/Oculus/Platform/Scripts/AdvancedAbuseReportOptions.cs using Guid(7ac3d6e4baf52604f9120a266f7e5c5b) Importer(2089858483,0ecaa5967403d082aa24f35e1b516d23)  -> (artifact id: '461897f0603255d617f8e056f364a205') in 0.041704 seconds
Number of updated asset objects reloaded before import = 0
Number of asset objects unloaded after import = 1
========================================================================
Received Import Request.
  Time since last request: 0.000175 seconds.
  path: Assets/Oculus/Platform/Scripts/ChallengeOptions.cs
  artifactKey: Guid(299d5fa3a18d7bd4fb4dff14de1aa28e) Importer(2089858483,0ecaa5967403d082aa24f35e1b516d23)
Start importing Assets/Oculus/Platform/Scripts/ChallengeOptions.cs using Guid(299d5fa3a18d7bd4fb4dff14de1aa28e) Importer(2089858483,0ecaa5967403d082aa24f35e1b516d23)  -> (artifact id: '6e1da940bad61e9eb0954bfbfe946c64') in 0.017014 seconds
Number of updated asset objects reloaded before import = 0
Number of asset objects unloaded after import = 1
========================================================================
Received Import Request.
  Time since last request: 0.000028 seconds.
  path: Assets/Oculus/Platform/Scripts/LaunchType.cs
  artifactKey: Guid(19914a3b196ab06439965a325ac1da12) Importer(2089858483,0ecaa5967403d082aa24f35e1b516d23)
Start importing Assets/Oculus/Platform/Scripts/LaunchType.cs using Guid(19914a3b196ab06439965a325ac1da12) Importer(2089858483,0ecaa5967403d082aa24f35e1b516d23)  -> (artifact id: 'a15bd7d43255806384ef1222b3209cc9') in 0.018337 seconds
Number of updated asset objects reloaded before import = 0
Number of asset objects unloaded after import = 1
========================================================================
Received Import Request.
  Time since last request: 0.000019 seconds.
  path: Assets/Oculus/LipSync/Scripts/OVRLipSyncContext.cs
  artifactKey: Guid(f43c520a9bad8a3489109c869f454576) Importer(2089858483,0ecaa5967403d082aa24f35e1b516d23)
Start importing Assets/Oculus/LipSync/Scripts/OVRLipSyncContext.cs using Guid(f43c520a9bad8a3489109c869f454576) Importer(2089858483,0ecaa5967403d082aa24f35e1b516d23)  -> (artifact id: 'ef61b23d430d378cdaba95dc55358051') in 0.018971 seconds
Number of updated asset objects reloaded before import = 0
Number of asset objects unloaded after import = 1
========================================================================
Received Import Request.
  Time since last request: 0.000026 seconds.
  path: Assets/Oculus/LipSync/Prefabs/LipSyncMorphTarget_Female.prefab
  artifactKey: Guid(0d336f164a5a4454db3960b2f9fc7a85) Importer(2089858483,0ecaa5967403d082aa24f35e1b516d23)
Start importing Assets/Oculus/LipSync/Prefabs/LipSyncMorphTarget_Female.prefab using Guid(0d336f164a5a4454db3960b2f9fc7a85) Importer(2089858483,0ecaa5967403d082aa24f35e1b516d23)  -> (artifact id: '6600f78badae91bcffab7091d4d124fb') in 0.041225 seconds
Number of updated asset objects reloaded before import = 0
Number of asset objects unloaded after import = 38
========================================================================
Received Import Request.
  Time since last request: 0.000021 seconds.
  path: Assets/Oculus/Platform/Scripts/BufferedAudioStream.cs
  artifactKey: Guid(f6d1f538558efdb42ae724d9bb36e538) Importer(2089858483,0ecaa5967403d082aa24f35e1b516d23)
Start importing Assets/Oculus/Platform/Scripts/BufferedAudioStream.cs using Guid(f6d1f538558efdb42ae724d9bb36e538) Importer(2089858483,0ecaa5967403d082aa24f35e1b516d23)  -> (artifact id: 'e63175c3a6d3f0501918d01dc1a9104a') in 0.014686 seconds
Number of updated asset objects reloaded before import = 0
Number of asset objects unloaded after import = 1
========================================================================
Received Import Request.
  Time since last request: 0.000031 seconds.
  path: Assets/Oculus/Platform/Scripts/LogEventName.cs
  artifactKey: Guid(8431b20ec581427439c33370fc8f843d) Importer(2089858483,0ecaa5967403d082aa24f35e1b516d23)
Start importing Assets/Oculus/Platform/Scripts/LogEventName.cs using Guid(8431b20ec581427439c33370fc8f843d) Importer(2089858483,0ecaa5967403d082aa24f35e1b516d23)  -> (artifact id: '526a737d48e863593d68516a7b7e71a0') in 0.020146 seconds
Number of updated asset objects reloaded before import = 0
Number of asset objects unloaded after import = 1
========================================================================
Received Import Request.
  Time since last request: 0.000028 seconds.
  path: Assets/Oculus/Platform/Scripts/AppStatus.cs
  artifactKey: Guid(5901173dcc3e05841bd2c6f071ae4466) Importer(2089858483,0ecaa5967403d082aa24f35e1b516d23)
Start importing Assets/Oculus/Platform/Scripts/AppStatus.cs using Guid(5901173dcc3e05841bd2c6f071ae4466) Importer(2089858483,0ecaa5967403d082aa24f35e1b516d23)  -> (artifact id: 'ec3779d903a1eff2c9752e394eb785e9') in 0.020246 seconds
Number of updated asset objects reloaded before import = 0
Number of asset objects unloaded after import = 1
========================================================================
Received Import Request.
  Time since last request: 0.000021 seconds.
  path: Assets/Oculus/Platform/Editor/OculusPluginUpdaterStub.cs
  artifactKey: Guid(af1b0142a3500574289a5ff8ae25dfa4) Importer(2089858483,0ecaa5967403d082aa24f35e1b516d23)
Start importing Assets/Oculus/Platform/Editor/OculusPluginUpdaterStub.cs using Guid(af1b0142a3500574289a5ff8ae25dfa4) Importer(2089858483,0ecaa5967403d082aa24f35e1b516d23)  -> (artifact id: '5290a54af0abbcc2438dfe9772eb0158') in 0.017754 seconds
Number of updated asset objects reloaded before import = 0
Number of asset objects unloaded after import = 1
========================================================================
Received Import Request.
  Time since last request: 0.000028 seconds.
  path: Assets/Oculus/Platform/Editor/OculusPlatformSettingsEditor.cs
  artifactKey: Guid(03780432f190e734dba71a2337880cdb) Importer(2089858483,0ecaa5967403d082aa24f35e1b516d23)
Start importing Assets/Oculus/Platform/Editor/OculusPlatformSettingsEditor.cs using Guid(03780432f190e734dba71a2337880cdb) Importer(2089858483,0ecaa5967403d082aa24f35e1b516d23)  -> (artifact id: '87c14d0dbdb5a8bb7ce02a9e01658cd0') in 0.014729 seconds
Number of updated asset objects reloaded before import = 0
Number of asset objects unloaded after import = 1
========================================================================
Received Import Request.
  Time since last request: 0.000023 seconds.
  path: Assets/Oculus/LipSync/Scripts/OVRLipSyncSequence.cs
  artifactKey: Guid(354250b5dc6a14f49b541724e9dd3c37) Importer(2089858483,0ecaa5967403d082aa24f35e1b516d23)
Start importing Assets/Oculus/LipSync/Scripts/OVRLipSyncSequence.cs using Guid(354250b5dc6a14f49b541724e9dd3c37) Importer(2089858483,0ecaa5967403d082aa24f35e1b516d23)  -> (artifact id: '26211c2d50da0eecacf933a86296e7d1') in 0.014093 seconds
Number of updated asset objects reloaded before import = 0
Number of asset objects unloaded after import = 1
========================================================================
Received Import Request.
  Time since last request: 0.000020 seconds.
  path: Assets/Oculus/Platform/Editor/MetaGraphVariablesParam.cs
  artifactKey: Guid(3ff727aa4a06f3f45964637be587510d) Importer(2089858483,0ecaa5967403d082aa24f35e1b516d23)
Start importing Assets/Oculus/Platform/Editor/MetaGraphVariablesParam.cs using Guid(3ff727aa4a06f3f45964637be587510d) Importer(2089858483,0ecaa5967403d082aa24f35e1b516d23)  -> (artifact id: '2df80f6b5801e6cec137a4a512aee1b4') in 0.019395 seconds
Number of updated asset objects reloaded before import = 0
Number of asset objects unloaded after import = 1
========================================================================
Received Import Request.
  Time since last request: 0.000016 seconds.
  path: Assets/Oculus/LipSync/Scenes/LipSync_DemoSettings.lighting
  artifactKey: Guid(7028ce833d5ad4647be4633ed07772fa) Importer(2089858483,0ecaa5967403d082aa24f35e1b516d23)
Start importing Assets/Oculus/LipSync/Scenes/LipSync_DemoSettings.lighting using Guid(7028ce833d5ad4647be4633ed07772fa) Importer(2089858483,0ecaa5967403d082aa24f35e1b516d23) LightingSettings: switching bake backend from 1 to 0.
 -> (artifact id: '24246335a975e0893dc3fedfa30dd3b8') in 0.030038 seconds
Number of updated asset objects reloaded before import = 0
Number of asset objects unloaded after import = 1
========================================================================
Received Import Request.
  Time since last request: 0.000177 seconds.
  path: Assets/Oculus/Platform/Scripts/ChallengeVisibility.cs
  artifactKey: Guid(826fe85a24373d4429ba1c5b0bb36f9f) Importer(2089858483,0ecaa5967403d082aa24f35e1b516d23)
Start importing Assets/Oculus/Platform/Scripts/ChallengeVisibility.cs using Guid(826fe85a24373d4429ba1c5b0bb36f9f) Importer(2089858483,0ecaa5967403d082aa24f35e1b516d23)  -> (artifact id: 'e3c7347acf92bbbc82d0f62b07e3e15b') in 0.013474 seconds
Number of updated asset objects reloaded before import = 0
Number of asset objects unloaded after import = 1
========================================================================
Received Import Request.
  Time since last request: 0.000018 seconds.
  path: Assets/Oculus/Interaction/Runtime/Oculus.Interaction.asmdef
  artifactKey: Guid(2a230cb87a1d3ba4a98bdc0ddae76e6c) Importer(2089858483,0ecaa5967403d082aa24f35e1b516d23)
Start importing Assets/Oculus/Interaction/Runtime/Oculus.Interaction.asmdef using Guid(2a230cb87a1d3ba4a98bdc0ddae76e6c) Importer(2089858483,0ecaa5967403d082aa24f35e1b516d23)  -> (artifact id: '5cf4ad782da5454867423e388eed4a3e') in 0.013554 seconds
Number of updated asset objects reloaded before import = 0
Number of asset objects unloaded after import = 1
========================================================================
Received Import Request.
  Time since last request: 0.000022 seconds.
  path: Assets/Oculus/Platform/Scripts/MicrophoneInput.cs
  artifactKey: Guid(2775d34a6e394754e897a9af26acdef3) Importer(2089858483,0ecaa5967403d082aa24f35e1b516d23)
Start importing Assets/Oculus/Platform/Scripts/MicrophoneInput.cs using Guid(2775d34a6e394754e897a9af26acdef3) Importer(2089858483,0ecaa5967403d082aa24f35e1b516d23)  -> (artifact id: 'c17418ef7f56967ab56f12b9029d65b9') in 0.025175 seconds
Number of updated asset objects reloaded before import = 0
Number of asset objects unloaded after import = 1
========================================================================
Received Import Request.
  Time since last request: 0.000019 seconds.
  path: Assets/Oculus/Platform/Scripts/AbuseReportVideoMode.cs
  artifactKey: Guid(0391f5eae88748a4184e3a4a48277923) Importer(2089858483,0ecaa5967403d082aa24f35e1b516d23)
Start importing Assets/Oculus/Platform/Scripts/AbuseReportVideoMode.cs using Guid(0391f5eae88748a4184e3a4a48277923) Importer(2089858483,0ecaa5967403d082aa24f35e1b516d23)  -> (artifact id: '7cb22b6d8f9b205e1b559251501fe2df') in 0.015821 seconds
Number of updated asset objects reloaded before import = 0
Number of asset objects unloaded after import = 1
========================================================================
Received Import Request.
  Time since last request: 0.000016 seconds.
  path: Assets/Oculus/Platform/Scripts/MultiplayerErrorErrorKey.cs
  artifactKey: Guid(8676398f09e039d4484d961e3c32fb2a) Importer(2089858483,0ecaa5967403d082aa24f35e1b516d23)
Start importing Assets/Oculus/Platform/Scripts/MultiplayerErrorErrorKey.cs using Guid(8676398f09e039d4484d961e3c32fb2a) Importer(2089858483,0ecaa5967403d082aa24f35e1b516d23)  -> (artifact id: 'b5ab701fd10e69996585d4e1074c0312') in 0.020731 seconds
Number of updated asset objects reloaded before import = 0
Number of asset objects unloaded after import = 1
========================================================================
Received Import Request.
  Time since last request: 0.000023 seconds.
  path: Assets/Oculus/VR/LICENSE.txt
  artifactKey: Guid(ea216613534b07f45adfcdd5ba09cf4e) Importer(2089858483,0ecaa5967403d082aa24f35e1b516d23)
Start importing Assets/Oculus/VR/LICENSE.txt using Guid(ea216613534b07f45adfcdd5ba09cf4e) Importer(2089858483,0ecaa5967403d082aa24f35e1b516d23)  -> (artifact id: '6f4e59bc26edc5b17faa4f0bde8198d6') in 0.021168 seconds
Number of updated asset objects reloaded before import = 0
Number of asset objects unloaded after import = 1
========================================================================
Received Import Request.
  Time since last request: 0.000019 seconds.
  path: Assets/Oculus/Platform/Scripts/CallbackRunner.cs
  artifactKey: Guid(f2caa5c6ad39b6742a7ddc2c273976c7) Importer(2089858483,0ecaa5967403d082aa24f35e1b516d23)
Start importing Assets/Oculus/Platform/Scripts/CallbackRunner.cs using Guid(f2caa5c6ad39b6742a7ddc2c273976c7) Importer(2089858483,0ecaa5967403d082aa24f35e1b516d23)  -> (artifact id: '42f76f66e7a63be6c36376125d2d82ee') in 0.013628 seconds
Number of updated asset objects reloaded before import = 0
Number of asset objects unloaded after import = 1
========================================================================
Received Import Request.
  Time since last request: 2.409406 seconds.
  path: Assets/Oculus/Platform/Scripts/Packet.cs
  artifactKey: Guid(f384e82f5031ccd488f47fa837e5d7e5) Importer(2089858483,0ecaa5967403d082aa24f35e1b516d23)
Start importing Assets/Oculus/Platform/Scripts/Packet.cs using Guid(f384e82f5031ccd488f47fa837e5d7e5) Importer(2089858483,0ecaa5967403d082aa24f35e1b516d23)  -> (artifact id: '6030b7b0e231989169e25fb0143de9d2') in 0.018121 seconds
Number of updated asset objects reloaded before import = 0
Number of asset objects unloaded after import = 1
========================================================================
Received Import Request.
  Time since last request: 0.000021 seconds.
  path: Assets/Oculus/Platform/Scripts/RosterOptions.cs
  artifactKey: Guid(959d915ce0014c5488314de462586dd4) Importer(2089858483,0ecaa5967403d082aa24f35e1b516d23)
Start importing Assets/Oculus/Platform/Scripts/RosterOptions.cs using Guid(959d915ce0014c5488314de462586dd4) Importer(2089858483,0ecaa5967403d082aa24f35e1b516d23)  -> (artifact id: '523d483e47e04eb0b8593ae20286f565') in 0.014725 seconds
Number of updated asset objects reloaded before import = 0
Number of asset objects unloaded after import = 1
========================================================================
Received Import Request.
  Time since last request: 0.000030 seconds.
  path: Assets/Oculus/Spatializer/editor/ONSPPropagationMaterialEditor.cs
  artifactKey: Guid(232b6822c5f13ad449ffdb9cc4e6ba64) Importer(2089858483,0ecaa5967403d082aa24f35e1b516d23)
Start importing Assets/Oculus/Spatializer/editor/ONSPPropagationMaterialEditor.cs using Guid(232b6822c5f13ad449ffdb9cc4e6ba64) Importer(2089858483,0ecaa5967403d082aa24f35e1b516d23)  -> (artifact id: '1d0e5d943b3b696be51e8342ff8b379f') in 0.014653 seconds
Number of updated asset objects reloaded before import = 0
Number of asset objects unloaded after import = 1
========================================================================
Received Import Request.
  Time since last request: 0.000021 seconds.
  path: Assets/Oculus/VR/Editor/OVRBundleManager.cs
  artifactKey: Guid(7a46c155525da654c8ef823c069361d3) Importer(2089858483,0ecaa5967403d082aa24f35e1b516d23)
Start importing Assets/Oculus/VR/Editor/OVRBundleManager.cs using Guid(7a46c155525da654c8ef823c069361d3) Importer(2089858483,0ecaa5967403d082aa24f35e1b516d23)  -> (artifact id: '9a2ed6f9d2f7a4b93e28f9c82dd8cc65') in 0.014590 seconds
Number of updated asset objects reloaded before import = 0
Number of asset objects unloaded after import = 1
========================================================================
Received Import Request.
  Time since last request: 0.000015 seconds.
  path: Assets/Oculus/Platform/Scripts/PartyUpdateAction.cs
  artifactKey: Guid(e4d9d5978c2e9514b856adca979261e8) Importer(2089858483,0ecaa5967403d082aa24f35e1b516d23)
Start importing Assets/Oculus/Platform/Scripts/PartyUpdateAction.cs using Guid(e4d9d5978c2e9514b856adca979261e8) Importer(2089858483,0ecaa5967403d082aa24f35e1b516d23)  -> (artifact id: '2d14f6f057b1b6c41585d53042903361') in 0.012152 seconds
Number of updated asset objects reloaded before import = 0
Number of asset objects unloaded after import = 1
========================================================================
Received Import Request.
  Time since last request: 0.000020 seconds.
  path: Assets/Oculus/Platform/Scripts/RoomJoinPolicy.cs
  artifactKey: Guid(7523990f25085a84a9b85d756ef89692) Importer(2089858483,0ecaa5967403d082aa24f35e1b516d23)
Start importing Assets/Oculus/Platform/Scripts/RoomJoinPolicy.cs using Guid(7523990f25085a84a9b85d756ef89692) Importer(2089858483,0ecaa5967403d082aa24f35e1b516d23)  -> (artifact id: '5fad7797b39cf39059d78816aa814f97') in 0.012963 seconds
Number of updated asset objects reloaded before import = 0
Number of asset objects unloaded after import = 1
========================================================================
Received Import Request.
  Time since last request: 0.000021 seconds.
  path: Assets/Oculus/SampleFramework/Editor/OculusSampleFrameworkUtil.cs
  artifactKey: Guid(53c0844bfe5a33c41bc2ff02db18960e) Importer(2089858483,0ecaa5967403d082aa24f35e1b516d23)
Start importing Assets/Oculus/SampleFramework/Editor/OculusSampleFrameworkUtil.cs using Guid(53c0844bfe5a33c41bc2ff02db18960e) Importer(2089858483,0ecaa5967403d082aa24f35e1b516d23)  -> (artifact id: '89afece2da50af4a90e8b6b0c4f89002') in 0.014811 seconds
Number of updated asset objects reloaded before import = 0
Number of asset objects unloaded after import = 1
========================================================================
Received Import Request.
  Time since last request: 0.000022 seconds.
  path: Assets/Oculus/Platform/Scripts/RoomMembershipLockStatus.cs
  artifactKey: Guid(a4eb5746a05c2f646802f2dda6ed47b9) Importer(2089858483,0ecaa5967403d082aa24f35e1b516d23)
Start importing Assets/Oculus/Platform/Scripts/RoomMembershipLockStatus.cs using Guid(a4eb5746a05c2f646802f2dda6ed47b9) Importer(2089858483,0ecaa5967403d082aa24f35e1b516d23)  -> (artifact id: '539dca4af3389054e053775be7727281') in 0.016582 seconds
Number of updated asset objects reloaded before import = 0
Number of asset objects unloaded after import = 1
========================================================================
Received Import Request.
  Time since last request: 0.000018 seconds.
  path: Assets/Oculus/Platform/Scripts/RoomOptions.cs
  artifactKey: Guid(02f2744e317e9d94286fbaf2c8d422dc) Importer(2089858483,0ecaa5967403d082aa24f35e1b516d23)
Start importing Assets/Oculus/Platform/Scripts/RoomOptions.cs using Guid(02f2744e317e9d94286fbaf2c8d422dc) Importer(2089858483,0ecaa5967403d082aa24f35e1b516d23)  -> (artifact id: 'fb4f9dd560573c363106189cf2acd2aa') in 0.012934 seconds
Number of updated asset objects reloaded before import = 0
Number of asset objects unloaded after import = 1
========================================================================
Received Import Request.
  Time since last request: 0.000019 seconds.
  path: Assets/Oculus/Platform/Scripts/PartyMicState.cs
  artifactKey: Guid(7c22a47b80a803847ac1f9159f11652f) Importer(2089858483,0ecaa5967403d082aa24f35e1b516d23)
Start importing Assets/Oculus/Platform/Scripts/PartyMicState.cs using Guid(7c22a47b80a803847ac1f9159f11652f) Importer(2089858483,0ecaa5967403d082aa24f35e1b516d23)  -> (artifact id: 'c2da3f196d72c8a8f713bfadabc5ada7') in 0.014557 seconds
Number of updated asset objects reloaded before import = 0
Number of asset objects unloaded after import = 1
========================================================================
Received Import Request.
  Time since last request: 0.000020 seconds.
  path: Assets/Oculus/Platform/Scripts/Request.cs
  artifactKey: Guid(e3a84fde40d771d4cada2a72c18a961d) Importer(2089858483,0ecaa5967403d082aa24f35e1b516d23)
Start importing Assets/Oculus/Platform/Scripts/Request.cs using Guid(e3a84fde40d771d4cada2a72c18a961d) Importer(2089858483,0ecaa5967403d082aa24f35e1b516d23)  -> (artifact id: '842bcb941fba5f7ca29f8d6f3a6c62bb') in 0.016861 seconds
Number of updated asset objects reloaded before import = 0
Number of asset objects unloaded after import = 1
========================================================================
Received Import Request.
  Time since last request: 0.000021 seconds.
  path: Assets/Oculus/VR/AudioClips/sfx_belt_in.wav
  artifactKey: Guid(d716392289ac6764994885f5821f7d7b) Importer(2089858483,0ecaa5967403d082aa24f35e1b516d23)
Start importing Assets/Oculus/VR/AudioClips/sfx_belt_in.wav using Guid(d716392289ac6764994885f5821f7d7b) Importer(2089858483,0ecaa5967403d082aa24f35e1b516d23)  -> (artifact id: '76267dbf025f728265a5d18573e2cd8b') in 0.064089 seconds
Number of updated asset objects reloaded before import = 0
Number of asset objects unloaded after import = 1
========================================================================
Received Import Request.
  Time since last request: 0.000021 seconds.
  path: Assets/Oculus/Platform/Scripts/StandalonePlatformSettings.cs
  artifactKey: Guid(3396588e357647947883119dbdbb83cd) Importer(2089858483,0ecaa5967403d082aa24f35e1b516d23)
Start importing Assets/Oculus/Platform/Scripts/StandalonePlatformSettings.cs using Guid(3396588e357647947883119dbdbb83cd) Importer(2089858483,0ecaa5967403d082aa24f35e1b516d23)  -> (artifact id: 'e58d33b738d9dee9ad5fb87771a0a772') in 0.014938 seconds
Number of updated asset objects reloaded before import = 0
Number of asset objects unloaded after import = 1
========================================================================
Received Import Request.
  Time since last request: 0.000043 seconds.
  path: Assets/Oculus/VR/Editor/OVRADBTool.cs
  artifactKey: Guid(41c2cab7d83278a4f8f44a44b694770f) Importer(2089858483,0ecaa5967403d082aa24f35e1b516d23)
Start importing Assets/Oculus/VR/Editor/OVRADBTool.cs using Guid(41c2cab7d83278a4f8f44a44b694770f) Importer(2089858483,0ecaa5967403d082aa24f35e1b516d23)  -> (artifact id: '939f215157a3d0420f6a4580a82f7b9f') in 0.021172 seconds
Number of updated asset objects reloaded before import = 0
Number of asset objects unloaded after import = 1
========================================================================
Received Import Request.
  Time since last request: 0.000024 seconds.
  path: Assets/Oculus/Spatializer/editor/ONSPAudioPluginUpdater.cs
  artifactKey: Guid(1f2c64c63ba47b3449ca3bb32d2b82a3) Importer(2089858483,0ecaa5967403d082aa24f35e1b516d23)
Start importing Assets/Oculus/Spatializer/editor/ONSPAudioPluginUpdater.cs using Guid(1f2c64c63ba47b3449ca3bb32d2b82a3) Importer(2089858483,0ecaa5967403d082aa24f35e1b516d23)  -> (artifact id: '353e52b25eb71a72285960b30b37f2e6') in 0.026806 seconds
Number of updated asset objects reloaded before import = 0
Number of asset objects unloaded after import = 1
========================================================================
Received Import Request.
  Time since last request: 0.000152 seconds.
  path: Assets/Oculus/SampleFramework/Usage/MixedRealityCapture.unity
  artifactKey: Guid(24872d3c3760f23498f41ecb019ea5cd) Importer(2089858483,0ecaa5967403d082aa24f35e1b516d23)
Start importing Assets/Oculus/SampleFramework/Usage/MixedRealityCapture.unity using Guid(24872d3c3760f23498f41ecb019ea5cd) Importer(2089858483,0ecaa5967403d082aa24f35e1b516d23)  -> (artifact id: '6dca506db4f6a94a57332ecec179518f') in 0.018394 seconds
Number of updated asset objects reloaded before import = 0
Number of asset objects unloaded after import = 1
========================================================================
Received Import Request.
  Time since last request: 0.000310 seconds.
  path: Assets/Oculus/SampleFramework/Editor/BuildSamples.cs
  artifactKey: Guid(ee0c62bdb80c20346b6cb19162b7bb3e) Importer(2089858483,0ecaa5967403d082aa24f35e1b516d23)
Start importing Assets/Oculus/SampleFramework/Editor/BuildSamples.cs using Guid(ee0c62bdb80c20346b6cb19162b7bb3e) Importer(2089858483,0ecaa5967403d082aa24f35e1b516d23)  -> (artifact id: '9d4e5ec533e01bbf0cbac897a93ff2d8') in 0.018594 seconds
Number of updated asset objects reloaded before import = 0
Number of asset objects unloaded after import = 1
========================================================================
Received Import Request.
  Time since last request: 0.000020 seconds.
  path: Assets/Oculus/Platform/Scripts/PlatformInternal.cs
  artifactKey: Guid(9d9c8cba9a20e0c46b07b73e895db7bd) Importer(2089858483,0ecaa5967403d082aa24f35e1b516d23)
Start importing Assets/Oculus/Platform/Scripts/PlatformInternal.cs using Guid(9d9c8cba9a20e0c46b07b73e895db7bd) Importer(2089858483,0ecaa5967403d082aa24f35e1b516d23)  -> (artifact id: '00ea9edfb800058d60bd358bae1bd9a7') in 0.024140 seconds
Number of updated asset objects reloaded before import = 0
Number of asset objects unloaded after import = 1
========================================================================
Received Import Request.
  Time since last request: 0.000019 seconds.
  path: Assets/Oculus/Platform/Scripts/RichPresenceExtraContext.cs
  artifactKey: Guid(23020f31b22cda24ba318acf949427f9) Importer(2089858483,0ecaa5967403d082aa24f35e1b516d23)
Start importing Assets/Oculus/Platform/Scripts/RichPresenceExtraContext.cs using Guid(23020f31b22cda24ba318acf949427f9) Importer(2089858483,0ecaa5967403d082aa24f35e1b516d23)  -> (artifact id: '4fbb6909dc51bea9058dcf720a5d11a0') in 0.013888 seconds
Number of updated asset objects reloaded before import = 0
Number of asset objects unloaded after import = 1
========================================================================
Received Prepare
Shader 'Oculus/OVRMRCameraFrameLit': fallback shader 'Alpha-Diffuse' not found
Refreshing native plugins compatible for Editor in 12.78 ms, found 8 plugins.
Preloading 2 native plugins for Editor in 0.12 ms.
Unloading 1 Unused Serialized files (Serialized files now loaded: 0)
Unloading 2 unused Assets / (128.6 KB). Loaded Objects now: 5346.
Memory consumption went from 103.6 MB to 103.5 MB.
Total: 5.488800 ms (FindLiveObjects: 0.790000 ms CreateObjectMapping: 0.206300 ms MarkObjects: 4.351400 ms  DeleteObjects: 0.140100 ms)

Prepare: number of updated asset objects reloaded= 0
AssetImportParameters requested are different than current active one (requested -> active):
  custom:container-demuxer-ogg: 62fdf1f143b41e24485cea50d1cbac27 -> 
  custom:video-decoder-ogg-theora: a1e56fd34408186e4bbccfd4996cb3dc -> 
  custom:framework-win-MediaFoundation: 216162199b28c13a410421893ffa2e32 -> 
  custom:CustomObjectIndexerAttribute: 756ad292c208cfabdd7b50bc23989ffe -> 
  custom:container-demuxer-webm: 4f35f7cbe854078d1ac9338744f61a02 -> 
  custom:container-muxer-webm: aa71ff27fc2769a1b78a27578f13a17b -> 
  custom:video-decoder-webm-vp8: 9c59270c3fd7afecdb556c50c9e8de78 -> 
  custom:SearchIndexIgnoredProperties: e643bd26f0fe6173181afceb89e7c659 -> 
  custom:AudioImporter_EditorPlatform: d09bf68614088b80899f8185d706f6e7 -> 
  custom:video-encoder-webm-vp8: eb34c28f22e8b96e1ab97ce403110664 -> 
  custom:audio-decoder-ogg-vorbis: bf7c407c2cedff20999df2af8eb42d56 -> 
  custom:audio-encoder-webm-vorbis: bf7c407c2cedff20999df2af8eb42d56 -> 
========================================================================
Received Prepare
Shader 'Oculus/OVRMRCameraFrameLit': fallback shader 'Alpha-Diffuse' not found
Refreshing native plugins compatible for Editor in 11.03 ms, found 8 plugins.
Preloading 2 native plugins for Editor in 0.10 ms.
Unloading 2 Unused Serialized files (Serialized files now loaded: 0)
Unloading 2 unused Assets / (130.8 KB). Loaded Objects now: 5346.
Memory consumption went from 103.9 MB to 103.8 MB.
Total: 5.513700 ms (FindLiveObjects: 0.926900 ms CreateObjectMapping: 0.187300 ms MarkObjects: 4.236700 ms  DeleteObjects: 0.161700 ms)

Prepare: number of updated asset objects reloaded= 0
AssetImportParameters requested are different than current active one (requested -> active):
  custom:container-demuxer-ogg: 62fdf1f143b41e24485cea50d1cbac27 -> 
  custom:video-decoder-ogg-theora: a1e56fd34408186e4bbccfd4996cb3dc -> 
  custom:framework-win-MediaFoundation: 216162199b28c13a410421893ffa2e32 -> 
  custom:CustomObjectIndexerAttribute: 756ad292c208cfabdd7b50bc23989ffe -> 
  custom:container-demuxer-webm: 4f35f7cbe854078d1ac9338744f61a02 -> 
  custom:container-muxer-webm: aa71ff27fc2769a1b78a27578f13a17b -> 
  custom:video-decoder-webm-vp8: 9c59270c3fd7afecdb556c50c9e8de78 -> 
  custom:SearchIndexIgnoredProperties: e643bd26f0fe6173181afceb89e7c659 -> 
  custom:AudioImporter_EditorPlatform: d09bf68614088b80899f8185d706f6e7 -> 
  custom:video-encoder-webm-vp8: eb34c28f22e8b96e1ab97ce403110664 -> 
  custom:audio-decoder-ogg-vorbis: bf7c407c2cedff20999df2af8eb42d56 -> 
  custom:audio-encoder-webm-vorbis: bf7c407c2cedff20999df2af8eb42d56 -> 
========================================================================
Received Prepare
Begin MonoManager ReloadAssembly
- Loaded All Assemblies, in  0.830 seconds
Refreshing native plugins compatible for Editor in 35.58 ms, found 9 plugins.
Native extension for WindowsStandalone target not found
Native extension for Android target not found
[Package Manager] Server::EnsureServerProcessIsRunning -- launch failed, reason: Unity was launched with the -noUpm command-line argument
[Package Manager] UpmClient::Send -- Unable to send message (not connected to UPM process).
[Package Manager] Cannot connect to Unity Package Manager local server
[Package Manager] Server::EnsureServerProcessIsRunning -- launch failed, reason: Unity was launched with the -noUpm command-line argument
[Package Manager] UpmClient::Send -- Unable to send message (not connected to UPM process).
[Package Manager] Cannot connect to Unity Package Manager local server
[XR] OculusXRPlugin: registering subsystems
[XR] Unable to register display lifecyle provider: [1]
[XR] Oculus Input lifecycle provider registered.
[XR] Unable to register input lifecyle provider: [1]
[XR] OVRP version 1.89.0
Mono: successfully reloaded assembly
[Package Manager] Server::EnsureServerProcessIsRunning -- launch failed, reason: Unity was launched with the -noUpm command-line argument
[Package Manager] UpmClient::Send -- Unable to send message (not connected to UPM process).
[Package Manager] Cannot connect to Unity Package Manager local server
[Package Manager] Server::EnsureServerProcessIsRunning -- launch failed, reason: Unity was launched with the -noUpm command-line argument
[Package Manager] UpmClient::Send -- Unable to send message (not connected to UPM process).
[Package Manager] Cannot connect to Unity Package Manager local server
- Finished resetting the current domain, in  1.729 seconds
Domain Reload Profiling: 2555ms
	BeginReloadAssembly (231ms)
		ExecutionOrderSort (0ms)
		DisableScriptedObjects (7ms)
		BackupInstance (0ms)
		ReleaseScriptingObjects (0ms)
		CreateAndSetChildDomain (57ms)
	RebuildCommonClasses (55ms)
	RebuildNativeTypeToScriptingClass (15ms)
	initialDomainReloadingComplete (40ms)
	LoadAllAssembliesAndSetupDomain (485ms)
		LoadAssemblies (476ms)
		RebuildTransferFunctionScriptingTraits (0ms)
		AnalyzeDomain (135ms)
			TypeCache.Refresh (91ms)
				TypeCache.ScanAssembly (66ms)
			ScanForSourceGeneratedMonoScriptInfo (24ms)
			ResolveRequiredComponents (18ms)
	FinalizeReload (1730ms)
		ReleaseScriptCaches (0ms)
		RebuildScriptCaches (0ms)
		SetupLoadedEditorAssemblies (959ms)
			LogAssemblyErrors (0ms)
			InitializePlatformSupportModulesInManaged (37ms)
			SetLoadedEditorAssemblies (7ms)
			RefreshPlugins (0ms)
			BeforeProcessingInitializeOnLoad (142ms)
			ProcessInitializeOnLoadAttributes (729ms)
			ProcessInitializeOnLoadMethodAttributes (35ms)
			AfterProcessingInitializeOnLoad (9ms)
			EditorAssembliesLoaded (0ms)
		ExecutionOrderSort2 (0ms)
		AwakeInstancesAfterBackupRestoration (7ms)
Shader 'Oculus/OVRMRCameraFrameLit': fallback shader 'Alpha-Diffuse' not found
Refreshing native plugins compatible for Editor in 12.65 ms, found 9 plugins.
Preloading 2 native plugins for Editor in 0.11 ms.
Unloading 4888 Unused Serialized files (Serialized files now loaded: 0)
Unloading 56 unused Assets / (173.6 KB). Loaded Objects now: 5460.
Memory consumption went from 181.3 MB to 181.1 MB.
Total: 5.918400 ms (FindLiveObjects: 1.098600 ms CreateObjectMapping: 0.231700 ms MarkObjects: 4.335600 ms  DeleteObjects: 0.251000 ms)

Prepare: number of updated asset objects reloaded= 0
AssetImportParameters requested are different than current active one (requested -> active):
  custom:container-demuxer-ogg: 62fdf1f143b41e24485cea50d1cbac27 -> 
  custom:video-decoder-ogg-theora: a1e56fd34408186e4bbccfd4996cb3dc -> 
  custom:framework-win-MediaFoundation: 216162199b28c13a410421893ffa2e32 -> 
  custom:CustomObjectIndexerAttribute: 756ad292c208cfabdd7b50bc23989ffe -> 
  custom:container-demuxer-webm: 4f35f7cbe854078d1ac9338744f61a02 -> 
  custom:container-muxer-webm: aa71ff27fc2769a1b78a27578f13a17b -> 
  custom:video-decoder-webm-vp8: 9c59270c3fd7afecdb556c50c9e8de78 -> 
  custom:SearchIndexIgnoredProperties: e643bd26f0fe6173181afceb89e7c659 -> 
  custom:AudioImporter_EditorPlatform: d09bf68614088b80899f8185d706f6e7 -> 
  custom:video-encoder-webm-vp8: eb34c28f22e8b96e1ab97ce403110664 -> 
  custom:audio-decoder-ogg-vorbis: bf7c407c2cedff20999df2af8eb42d56 -> 
  custom:audio-encoder-webm-vorbis: bf7c407c2cedff20999df2af8eb42d56 -> 
========================================================================
Received Prepare
Shader 'Oculus/OVRMRCameraFrameLit': fallback shader 'Alpha-Diffuse' not found
Refreshing native plugins compatible for Editor in 12.11 ms, found 9 plugins.
Preloading 2 native plugins for Editor in 0.10 ms.
Unloading 2 Unused Serialized files (Serialized files now loaded: 0)
Unloading 2 unused Assets / (130.7 KB). Loaded Objects now: 5460.
Memory consumption went from 106.5 MB to 106.4 MB.
Total: 5.266500 ms (FindLiveObjects: 0.705200 ms CreateObjectMapping: 0.199900 ms MarkObjects: 4.198700 ms  DeleteObjects: 0.161700 ms)

Prepare: number of updated asset objects reloaded= 0
AssetImportParameters requested are different than current active one (requested -> active):
  colorSpace: 1 -> 0
  custom:container-demuxer-ogg: 62fdf1f143b41e24485cea50d1cbac27 -> 
  custom:video-decoder-ogg-theora: a1e56fd34408186e4bbccfd4996cb3dc -> 
  custom:framework-win-MediaFoundation: 216162199b28c13a410421893ffa2e32 -> 
  custom:CustomObjectIndexerAttribute: 756ad292c208cfabdd7b50bc23989ffe -> 
  custom:container-demuxer-webm: 4f35f7cbe854078d1ac9338744f61a02 -> 
  custom:container-muxer-webm: aa71ff27fc2769a1b78a27578f13a17b -> 
  custom:video-decoder-webm-vp8: 9c59270c3fd7afecdb556c50c9e8de78 -> 
  custom:SearchIndexIgnoredProperties: e643bd26f0fe6173181afceb89e7c659 -> 
  custom:AudioImporter_EditorPlatform: d09bf68614088b80899f8185d706f6e7 -> 
  custom:video-encoder-webm-vp8: eb34c28f22e8b96e1ab97ce403110664 -> 
  custom:graphics/active-color-space: 03000000000000000000000000000000 -> 02000000000000000000000000000000
  custom:audio-decoder-ogg-vorbis: bf7c407c2cedff20999df2af8eb42d56 -> 
  custom:audio-encoder-webm-vorbis: bf7c407c2cedff20999df2af8eb42d56 -> 
Editor requested this worker to shutdown with reason: Scaling down because of idle timeout
TcpMessagingSession - receive error: operation aborted. errorcode: 995, details: 스레드 종료 또는 응용 프로그램 요청 때문에 I/O 작업이 취소되었습니다.
AssetImportWorker is now disconnected from the server
Process exiting
Exiting without the bug reporter. Application will terminate with return code 0