Using pre-set license
Built from '2022.3/staging' branch; Version is '2022.3.14f1 (eff2de9070d8) revision 15725278'; Using compiler version '192829333'; Build Type 'Release'
OS: 'Windows 10  (10.0.19045) 64bit Professional' Language: 'ko' Physical Memory: 16235 MB
BatchMode: 1, IsHumanControllingUs: 0, StartBugReporterOnCrash: 0, Is64bit: 1, IsPro: 1

COMMAND LINE ARGUMENTS:
C:\Program Files\Unity\Hub\Editor\2022.3.14f1\Editor\Unity.exe
-adb2
-batchMode
-noUpm
-name
AssetImportWorker2
-projectPath
C:/Users/G/Desktop/temp
-logFile
Logs/AssetImportWorker2.log
-srvPort
51823
Successfully changed project path to: C:/Users/G/Desktop/temp
C:/Users/G/Desktop/temp
[UnityMemory] Configuration Parameters - Can be set up in boot.config
    "memorysetup-bucket-allocator-granularity=16"
    "memorysetup-bucket-allocator-bucket-count=8"
    "memorysetup-bucket-allocator-block-size=33554432"
    "memorysetup-bucket-allocator-block-count=8"
    "memorysetup-main-allocator-block-size=16777216"
    "memorysetup-thread-allocator-block-size=16777216"
    "memorysetup-gfx-main-allocator-block-size=16777216"
    "memorysetup-gfx-thread-allocator-block-size=16777216"
    "memorysetup-cache-allocator-block-size=4194304"
    "memorysetup-typetree-allocator-block-size=2097152"
    "memorysetup-profiler-bucket-allocator-granularity=16"
    "memorysetup-profiler-bucket-allocator-bucket-count=8"
    "memorysetup-profiler-bucket-allocator-block-size=33554432"
    "memorysetup-profiler-bucket-allocator-block-count=8"
    "memorysetup-profiler-allocator-block-size=16777216"
    "memorysetup-profiler-editor-allocator-block-size=1048576"
    "memorysetup-temp-allocator-size-main=16777216"
    "memorysetup-job-temp-allocator-block-size=2097152"
    "memorysetup-job-temp-allocator-block-size-background=1048576"
    "memorysetup-job-temp-allocator-reduction-small-platforms=262144"
    "memorysetup-allocator-temp-initial-block-size-main=262144"
    "memorysetup-allocator-temp-initial-block-size-worker=262144"
    "memorysetup-temp-allocator-size-background-worker=32768"
    "memorysetup-temp-allocator-size-job-worker=262144"
    "memorysetup-temp-allocator-size-preload-manager=33554432"
    "memorysetup-temp-allocator-size-nav-mesh-worker=65536"
    "memorysetup-temp-allocator-size-audio-worker=65536"
    "memorysetup-temp-allocator-size-cloud-worker=32768"
    "memorysetup-temp-allocator-size-gi-baking-worker=262144"
    "memorysetup-temp-allocator-size-gfx=262144"
Player connection [14332] Host "[IP] 192.168.0.86 [Port] 0 [Flags] 2 [Guid] 155745506 [EditorId] 155745506 [Version] 1048832 [Id] WindowsEditor(7,HEDO-C1-HJ) [Debug] 1 [PackageName] WindowsEditor [ProjectName] Editor" joined multi-casting on [225.0.0.222:54997]...

Player connection [14332] Host "[IP] 192.168.0.86 [Port] 0 [Flags] 2 [Guid] 155745506 [EditorId] 155745506 [Version] 1048832 [Id] WindowsEditor(7,HEDO-C1-HJ) [Debug] 1 [PackageName] WindowsEditor [ProjectName] Editor" joined alternative multi-casting on [225.0.0.222:34997]...

[Physics::Module] Initialized MultithreadedJobDispatcher with 19 workers.
Refreshing native plugins compatible for Editor in 237.06 ms, found 9 plugins.
Preloading 2 native plugins for Editor in 22.40 ms.
Initialize engine version: 2022.3.14f1 (eff2de9070d8)
[Subsystems] Discovering subsystems at path C:/Program Files/Unity/Hub/Editor/2022.3.14f1/Editor/Data/Resources/UnitySubsystems
[Subsystems] Discovering subsystems at path C:/Users/G/Desktop/temp/Assets
GfxDevice: creating device client; threaded=0; jobified=0
Direct3D:
    Version:  Direct3D 11.0 [level 11.1]
    Renderer: NVIDIA GeForce RTX 3060 Ti (ID=0x2486)
    Vendor:   NVIDIA
    VRAM:     8038 MB
    Driver:   31.0.15.3623
Shader 'Oculus/OVRMRCameraFrameLit': fallback shader 'Alpha-Diffuse' not found
Initialize mono
Mono path[0] = 'C:/Program Files/Unity/Hub/Editor/2022.3.14f1/Editor/Data/Managed'
Mono path[1] = 'C:/Program Files/Unity/Hub/Editor/2022.3.14f1/Editor/Data/MonoBleedingEdge/lib/mono/unityjit-win32'
Mono config path = 'C:/Program Files/Unity/Hub/Editor/2022.3.14f1/Editor/Data/MonoBleedingEdge/etc'
Using monoOptions --debugger-agent=transport=dt_socket,embedding=1,server=y,suspend=n,address=127.0.0.1:56272
Begin MonoManager ReloadAssembly
Registering precompiled unity dll's ...
Register platform support module: C:/Program Files/Unity/Hub/Editor/2022.3.14f1/Editor/Data/PlaybackEngines/AndroidPlayer/UnityEditor.Android.Extensions.dll
Register platform support module: C:/Program Files/Unity/Hub/Editor/2022.3.14f1/Editor/Data/PlaybackEngines/WindowsStandaloneSupport/UnityEditor.WindowsStandalone.Extensions.dll
Registered in 0.010394 seconds.
- Loaded All Assemblies, in  0.495 seconds
Native extension for WindowsStandalone target not found
Native extension for Android target not found
Android Extension - Scanning For ADB Devices 271 ms
Mono: successfully reloaded assembly
- Finished resetting the current domain, in  0.670 seconds
Domain Reload Profiling: 1164ms
	BeginReloadAssembly (124ms)
		ExecutionOrderSort (0ms)
		DisableScriptedObjects (0ms)
		BackupInstance (0ms)
		ReleaseScriptingObjects (0ms)
		CreateAndSetChildDomain (1ms)
	RebuildCommonClasses (76ms)
	RebuildNativeTypeToScriptingClass (36ms)
	initialDomainReloadingComplete (82ms)
	LoadAllAssembliesAndSetupDomain (174ms)
		LoadAssemblies (122ms)
		RebuildTransferFunctionScriptingTraits (0ms)
		AnalyzeDomain (172ms)
			TypeCache.Refresh (170ms)
				TypeCache.ScanAssembly (153ms)
			ScanForSourceGeneratedMonoScriptInfo (0ms)
			ResolveRequiredComponents (1ms)
	FinalizeReload (671ms)
		ReleaseScriptCaches (0ms)
		RebuildScriptCaches (0ms)
		SetupLoadedEditorAssemblies (597ms)
			LogAssemblyErrors (0ms)
			InitializePlatformSupportModulesInManaged (403ms)
			SetLoadedEditorAssemblies (4ms)
			RefreshPlugins (0ms)
			BeforeProcessingInitializeOnLoad (3ms)
			ProcessInitializeOnLoadAttributes (126ms)
			ProcessInitializeOnLoadMethodAttributes (61ms)
			AfterProcessingInitializeOnLoad (0ms)
			EditorAssembliesLoaded (0ms)
		ExecutionOrderSort2 (0ms)
		AwakeInstancesAfterBackupRestoration (0ms)
========================================================================
Worker process is ready to serve import requests
Begin MonoManager ReloadAssembly
- Loaded All Assemblies, in  2.670 seconds
Refreshing native plugins compatible for Editor in 27.39 ms, found 9 plugins.
Native extension for WindowsStandalone target not found
Native extension for Android target not found
Package Manager log level set to [2]
[Package Manager] Server::EnsureServerProcessIsRunning -- launch failed, reason: Unity was launched with the -noUpm command-line argument
[Package Manager] UpmClient::Send -- Unable to send message (not connected to UPM process).
[Package Manager] Cannot connect to Unity Package Manager local server
[Package Manager] Server::EnsureServerProcessIsRunning -- launch failed, reason: Unity was launched with the -noUpm command-line argument
[Package Manager] UpmClient::Send -- Unable to send message (not connected to UPM process).
[Package Manager] Cannot connect to Unity Package Manager local server
[XR] OculusXRPlugin: registering subsystems
[XR] Unable to register display lifecyle provider: [1]
[XR] Oculus Input lifecycle provider registered.
[XR] Unable to register input lifecyle provider: [1]
[XR] OVRP version 1.89.0
Mono: successfully reloaded assembly
[Package Manager] Server::EnsureServerProcessIsRunning -- launch failed, reason: Unity was launched with the -noUpm command-line argument
[Package Manager] UpmClient::Send -- Unable to send message (not connected to UPM process).
[Package Manager] Cannot connect to Unity Package Manager local server
[Package Manager] Server::EnsureServerProcessIsRunning -- launch failed, reason: Unity was launched with the -noUpm command-line argument
[Package Manager] UpmClient::Send -- Unable to send message (not connected to UPM process).
[Package Manager] Cannot connect to Unity Package Manager local server
- Finished resetting the current domain, in  1.151 seconds
Domain Reload Profiling: 3816ms
	BeginReloadAssembly (191ms)
		ExecutionOrderSort (0ms)
		DisableScriptedObjects (7ms)
		BackupInstance (0ms)
		ReleaseScriptingObjects (0ms)
		CreateAndSetChildDomain (25ms)
	RebuildCommonClasses (37ms)
	RebuildNativeTypeToScriptingClass (12ms)
	initialDomainReloadingComplete (53ms)
	LoadAllAssembliesAndSetupDomain (2371ms)
		LoadAssemblies (2080ms)
		RebuildTransferFunctionScriptingTraits (0ms)
		AnalyzeDomain (402ms)
			TypeCache.Refresh (339ms)
				TypeCache.ScanAssembly (251ms)
			ScanForSourceGeneratedMonoScriptInfo (40ms)
			ResolveRequiredComponents (21ms)
	FinalizeReload (1152ms)
		ReleaseScriptCaches (0ms)
		RebuildScriptCaches (0ms)
		SetupLoadedEditorAssemblies (887ms)
			LogAssemblyErrors (0ms)
			InitializePlatformSupportModulesInManaged (31ms)
			SetLoadedEditorAssemblies (6ms)
			RefreshPlugins (0ms)
			BeforeProcessingInitializeOnLoad (107ms)
			ProcessInitializeOnLoadAttributes (700ms)
			ProcessInitializeOnLoadMethodAttributes (35ms)
			AfterProcessingInitializeOnLoad (8ms)
			EditorAssembliesLoaded (0ms)
		ExecutionOrderSort2 (0ms)
		AwakeInstancesAfterBackupRestoration (7ms)
Shader 'Oculus/OVRMRCameraFrameLit': fallback shader 'Alpha-Diffuse' not found
Launched and connected shader compiler UnityShaderCompiler.exe after 0.04 seconds
Refreshing native plugins compatible for Editor in 12.20 ms, found 9 plugins.
Preloading 2 native plugins for Editor in 0.13 ms.
Unloading 5388 Unused Serialized files (Serialized files now loaded: 0)
Unloading 92 unused Assets / (259.0 KB). Loaded Objects now: 5819.
Memory consumption went from 210.9 MB to 210.6 MB.
Total: 7.796400 ms (FindLiveObjects: 1.578200 ms CreateObjectMapping: 0.624400 ms MarkObjects: 5.083300 ms  DeleteObjects: 0.507600 ms)

AssetImportParameters requested are different than current active one (requested -> active):
  custom:container-demuxer-ogg: 62fdf1f143b41e24485cea50d1cbac27 -> 
  custom:video-decoder-ogg-theora: a1e56fd34408186e4bbccfd4996cb3dc -> 
  custom:framework-win-MediaFoundation: 216162199b28c13a410421893ffa2e32 -> 
  custom:container-demuxer-webm: 4f35f7cbe854078d1ac9338744f61a02 -> 
  custom:container-muxer-webm: aa71ff27fc2769a1b78a27578f13a17b -> 
  custom:video-decoder-webm-vp8: 9c59270c3fd7afecdb556c50c9e8de78 -> 
  custom:AudioImporter_EditorPlatform: d09bf68614088b80899f8185d706f6e7 -> 
  custom:video-encoder-webm-vp8: eb34c28f22e8b96e1ab97ce403110664 -> 
  custom:audio-decoder-ogg-vorbis: bf7c407c2cedff20999df2af8eb42d56 -> 
  custom:audio-encoder-webm-vorbis: bf7c407c2cedff20999df2af8eb42d56 -> 
========================================================================
Received Import Request.
  Time since last request: 6662.985978 seconds.
  path: Assets/Resources/Bullet.prefab
  artifactKey: Guid(5c41b024f7dcaa54194018e4d6dcd7ba) Importer(815301076,1909f56bfc062723c751e8b465ee728b)
Start importing Assets/Resources/Bullet.prefab using Guid(5c41b024f7dcaa54194018e4d6dcd7ba) Importer(815301076,1909f56bfc062723c751e8b465ee728b)  -> (artifact id: '764ceeccbc9260c06bf0a5cd1be2383a') in 0.167736 seconds
Number of updated asset objects reloaded before import = 0
Number of asset objects unloaded after import = 20
========================================================================
Received Prepare
Shader 'Oculus/OVRMRCameraFrameLit': fallback shader 'Alpha-Diffuse' not found
Refreshing native plugins compatible for Editor in 12.52 ms, found 9 plugins.
Preloading 2 native plugins for Editor in 0.12 ms.
Unloading 2 Unused Serialized files (Serialized files now loaded: 0)
Unloading 3 unused Assets / (202.0 KB). Loaded Objects now: 5828.
Memory consumption went from 103.5 MB to 103.3 MB.
Total: 5.756100 ms (FindLiveObjects: 0.931900 ms CreateObjectMapping: 0.229300 ms MarkObjects: 4.435800 ms  DeleteObjects: 0.157800 ms)

Prepare: number of updated asset objects reloaded= 0
AssetImportParameters requested are different than current active one (requested -> active):
  custom:container-demuxer-ogg: 62fdf1f143b41e24485cea50d1cbac27 -> 
  custom:video-decoder-ogg-theora: a1e56fd34408186e4bbccfd4996cb3dc -> 
  custom:framework-win-MediaFoundation: 216162199b28c13a410421893ffa2e32 -> 
  custom:CustomObjectIndexerAttribute: 756ad292c208cfabdd7b50bc23989ffe -> 
  custom:container-demuxer-webm: 4f35f7cbe854078d1ac9338744f61a02 -> 
  custom:container-muxer-webm: aa71ff27fc2769a1b78a27578f13a17b -> 
  custom:video-decoder-webm-vp8: 9c59270c3fd7afecdb556c50c9e8de78 -> 
  custom:SearchIndexIgnoredProperties: e643bd26f0fe6173181afceb89e7c659 -> 
  custom:AudioImporter_EditorPlatform: d09bf68614088b80899f8185d706f6e7 -> 
  custom:video-encoder-webm-vp8: eb34c28f22e8b96e1ab97ce403110664 -> 
  custom:audio-decoder-ogg-vorbis: bf7c407c2cedff20999df2af8eb42d56 -> 
  custom:audio-encoder-webm-vorbis: bf7c407c2cedff20999df2af8eb42d56 -> 
========================================================================
Received Prepare
Begin MonoManager ReloadAssembly
- Loaded All Assemblies, in  0.814 seconds
Refreshing native plugins compatible for Editor in 11.31 ms, found 9 plugins.
Native extension for WindowsStandalone target not found
Native extension for Android target not found
[Package Manager] Server::EnsureServerProcessIsRunning -- launch failed, reason: Unity was launched with the -noUpm command-line argument
[Package Manager] UpmClient::Send -- Unable to send message (not connected to UPM process).
[Package Manager] Cannot connect to Unity Package Manager local server
[Package Manager] Server::EnsureServerProcessIsRunning -- launch failed, reason: Unity was launched with the -noUpm command-line argument
[Package Manager] UpmClient::Send -- Unable to send message (not connected to UPM process).
[Package Manager] Cannot connect to Unity Package Manager local server
Mono: successfully reloaded assembly
[Package Manager] Server::EnsureServerProcessIsRunning -- launch failed, reason: Unity was launched with the -noUpm command-line argument
[Package Manager] UpmClient::Send -- Unable to send message (not connected to UPM process).
[Package Manager] Cannot connect to Unity Package Manager local server
- Finished resetting the current domain, in  1.616 seconds
Domain Reload Profiling: 2425ms
	BeginReloadAssembly (209ms)
		ExecutionOrderSort (0ms)
		DisableScriptedObjects (5ms)
		BackupInstance (0ms)
		ReleaseScriptingObjects (0ms)
		CreateAndSetChildDomain (48ms)
	RebuildCommonClasses (40ms)
	RebuildNativeTypeToScriptingClass (14ms)
	initialDomainReloadingComplete (43ms)
	LoadAllAssembliesAndSetupDomain (502ms)
		LoadAssemblies (559ms)
		RebuildTransferFunctionScriptingTraits (0ms)
		AnalyzeDomain (61ms)
			TypeCache.Refresh (25ms)
				TypeCache.ScanAssembly (7ms)
			ScanForSourceGeneratedMonoScriptInfo (13ms)
			ResolveRequiredComponents (22ms)
	FinalizeReload (1617ms)
		ReleaseScriptCaches (0ms)
		RebuildScriptCaches (0ms)
		SetupLoadedEditorAssemblies (781ms)
			LogAssemblyErrors (0ms)
			InitializePlatformSupportModulesInManaged (33ms)
			SetLoadedEditorAssemblies (9ms)
			RefreshPlugins (0ms)
			BeforeProcessingInitializeOnLoad (115ms)
			ProcessInitializeOnLoadAttributes (587ms)
			ProcessInitializeOnLoadMethodAttributes (30ms)
			AfterProcessingInitializeOnLoad (7ms)
			EditorAssembliesLoaded (0ms)
		ExecutionOrderSort2 (0ms)
		AwakeInstancesAfterBackupRestoration (6ms)
Shader 'Oculus/OVRMRCameraFrameLit': fallback shader 'Alpha-Diffuse' not found
Refreshing native plugins compatible for Editor in 29.15 ms, found 9 plugins.
Preloading 2 native plugins for Editor in 0.12 ms.
Unloading 5271 Unused Serialized files (Serialized files now loaded: 0)
Unloading 64 unused Assets / (231.8 KB). Loaded Objects now: 5843.
Memory consumption went from 187.1 MB to 186.9 MB.
Total: 14.533500 ms (FindLiveObjects: 1.508200 ms CreateObjectMapping: 0.774900 ms MarkObjects: 11.937100 ms  DeleteObjects: 0.312000 ms)

Prepare: number of updated asset objects reloaded= 0
AssetImportParameters requested are different than current active one (requested -> active):
  custom:container-demuxer-ogg: 62fdf1f143b41e24485cea50d1cbac27 -> 
  custom:video-decoder-ogg-theora: a1e56fd34408186e4bbccfd4996cb3dc -> 
  custom:framework-win-MediaFoundation: 216162199b28c13a410421893ffa2e32 -> 
  custom:CustomObjectIndexerAttribute: 756ad292c208cfabdd7b50bc23989ffe -> 
  custom:container-demuxer-webm: 4f35f7cbe854078d1ac9338744f61a02 -> 
  custom:container-muxer-webm: aa71ff27fc2769a1b78a27578f13a17b -> 
  custom:video-decoder-webm-vp8: 9c59270c3fd7afecdb556c50c9e8de78 -> 
  custom:SearchIndexIgnoredProperties: e643bd26f0fe6173181afceb89e7c659 -> 
  custom:AudioImporter_EditorPlatform: d09bf68614088b80899f8185d706f6e7 -> 
  custom:video-encoder-webm-vp8: eb34c28f22e8b96e1ab97ce403110664 -> 
  custom:audio-decoder-ogg-vorbis: bf7c407c2cedff20999df2af8eb42d56 -> 
  custom:audio-encoder-webm-vorbis: bf7c407c2cedff20999df2af8eb42d56 -> 
========================================================================
Received Import Request.
  Time since last request: 21.884788 seconds.
  path: Assets/AngryBot2Net-master/AngryBot2Net-master/Assets/AngryBotResources/ShaderGraphs/HoseScrollExtrusion_Mat.mat
  artifactKey: Guid(94875e59d5ca84a468115e2d343c81b3) Importer(815301076,1909f56bfc062723c751e8b465ee728b)
Start importing Assets/AngryBot2Net-master/AngryBot2Net-master/Assets/AngryBotResources/ShaderGraphs/HoseScrollExtrusion_Mat.mat using Guid(94875e59d5ca84a468115e2d343c81b3) Importer(815301076,1909f56bfc062723c751e8b465ee728b)  -> (artifact id: 'b4c04ae132362b7be651aae6c79c3418') in 0.085801 seconds
Number of updated asset objects reloaded before import = 0
Number of asset objects unloaded after import = 2
========================================================================
Received Import Request.
  Time since last request: 5.783612 seconds.
  path: Assets/AngryBot2Net-master/AngryBot2Net-master/Assets/Rendering Assets/UniversalRenderPipelineAsset.asset
  artifactKey: Guid(763799f8b629242a58d09e3ead62dc19) Importer(815301076,1909f56bfc062723c751e8b465ee728b)
Start importing Assets/AngryBot2Net-master/AngryBot2Net-master/Assets/Rendering Assets/UniversalRenderPipelineAsset.asset using Guid(763799f8b629242a58d09e3ead62dc19) Importer(815301076,1909f56bfc062723c751e8b465ee728b)  -> (artifact id: 'f6d065a918077bc453d2c58284ec7268') in 0.001549 seconds
Number of updated asset objects reloaded before import = 1
Number of asset objects unloaded after import = 1
========================================================================
Received Import Request.
  Time since last request: 0.000868 seconds.
  path: Assets/AngryBot2Net-master/AngryBot2Net-master/Assets/Rendering Assets/UniversalRenderPipelineAsset_Renderer.asset
  artifactKey: Guid(bdf22da3ffa2f4eeeb70f8d3803bb8b4) Importer(815301076,1909f56bfc062723c751e8b465ee728b)
Start importing Assets/AngryBot2Net-master/AngryBot2Net-master/Assets/Rendering Assets/UniversalRenderPipelineAsset_Renderer.asset using Guid(bdf22da3ffa2f4eeeb70f8d3803bb8b4) Importer(815301076,1909f56bfc062723c751e8b465ee728b)  -> (artifact id: '6fa3ce8bdcbdf32562dbac3ffe0ec82d') in 0.001435 seconds
Number of updated asset objects reloaded before import = 0
Number of asset objects unloaded after import = 1
========================================================================
Received Import Request.
  Time since last request: 4.757229 seconds.
  path: Assets/AngryBot2Net-master/AngryBot2Net-master/ProjectSettings/AudioManager.asset
  artifactKey: Guid(1bf1ff0dab4be4f4b81b4983c290eb63) Importer(815301076,1909f56bfc062723c751e8b465ee728b)
Start importing Assets/AngryBot2Net-master/AngryBot2Net-master/ProjectSettings/AudioManager.asset using Guid(1bf1ff0dab4be4f4b81b4983c290eb63) Importer(815301076,1909f56bfc062723c751e8b465ee728b)  -> (artifact id: 'd081af6a9ff44b6bbaa2c25c78c418f4') in 0.000751 seconds
Number of updated asset objects reloaded before import = 0
Number of asset objects unloaded after import = 0
========================================================================
Received Import Request.
  Time since last request: 0.002521 seconds.
  path: Assets/AngryBot2Net-master/AngryBot2Net-master/ProjectSettings/DynamicsManager.asset
  artifactKey: Guid(ecc542ea634be1745bd08b4943587cab) Importer(815301076,1909f56bfc062723c751e8b465ee728b)
Start importing Assets/AngryBot2Net-master/AngryBot2Net-master/ProjectSettings/DynamicsManager.asset using Guid(ecc542ea634be1745bd08b4943587cab) Importer(815301076,1909f56bfc062723c751e8b465ee728b)  -> (artifact id: 'f91c9c3542f9c9d7fea1c91b83291253') in 0.000769 seconds
Number of updated asset objects reloaded before import = 0
Number of asset objects unloaded after import = 0
========================================================================
Received Import Request.
  Time since last request: 0.000015 seconds.
  path: Assets/AngryBot2Net-master/AngryBot2Net-master/ProjectSettings/InputManager.asset
  artifactKey: Guid(004b8a30745afc244a48352990464242) Importer(815301076,1909f56bfc062723c751e8b465ee728b)
Start importing Assets/AngryBot2Net-master/AngryBot2Net-master/ProjectSettings/InputManager.asset using Guid(004b8a30745afc244a48352990464242) Importer(815301076,1909f56bfc062723c751e8b465ee728b)  -> (artifact id: 'e657716ccfb035ef0c5c3431c1d7e90a') in 0.000892 seconds
Number of updated asset objects reloaded before import = 0
Number of asset objects unloaded after import = 0
========================================================================
Received Import Request.
  Time since last request: 0.000013 seconds.
  path: Assets/AngryBot2Net-master/AngryBot2Net-master/ProjectSettings/GraphicsSettings.asset
  artifactKey: Guid(6a06fab519560ba4093f04b2b4baaef6) Importer(815301076,1909f56bfc062723c751e8b465ee728b)
Start importing Assets/AngryBot2Net-master/AngryBot2Net-master/ProjectSettings/GraphicsSettings.asset using Guid(6a06fab519560ba4093f04b2b4baaef6) Importer(815301076,1909f56bfc062723c751e8b465ee728b)  -> (artifact id: '47d5edf925d2c5c044741eed5baa4a83') in 0.000783 seconds
Number of updated asset objects reloaded before import = 0
Number of asset objects unloaded after import = 0
========================================================================
Received Import Request.
  Time since last request: 0.000322 seconds.
  path: Assets/AngryBot2Net-master/AngryBot2Net-master/ProjectSettings/PackageManagerSettings.asset
  artifactKey: Guid(622f197abc116664485f5801c9e35d94) Importer(815301076,1909f56bfc062723c751e8b465ee728b)
Start importing Assets/AngryBot2Net-master/AngryBot2Net-master/ProjectSettings/PackageManagerSettings.asset using Guid(622f197abc116664485f5801c9e35d94) Importer(815301076,1909f56bfc062723c751e8b465ee728b)  -> (artifact id: '9fad9a48f6e4c17998775d37253e9431') in 0.000808 seconds
Number of updated asset objects reloaded before import = 0
Number of asset objects unloaded after import = 0
========================================================================
Received Import Request.
  Time since last request: 0.000014 seconds.
  path: Assets/AngryBot2Net-master/AngryBot2Net-master/ProjectSettings/PresetManager.asset
  artifactKey: Guid(bf29edfd425d0c34491414363913d415) Importer(815301076,1909f56bfc062723c751e8b465ee728b)
Start importing Assets/AngryBot2Net-master/AngryBot2Net-master/ProjectSettings/PresetManager.asset using Guid(bf29edfd425d0c34491414363913d415) Importer(815301076,1909f56bfc062723c751e8b465ee728b)  -> (artifact id: 'd810fa5194478dd46fcafce336bd069b') in 0.000635 seconds
Number of updated asset objects reloaded before import = 0
Number of asset objects unloaded after import = 0
========================================================================
Received Import Request.
  Time since last request: 0.001455 seconds.
  path: Assets/AngryBot2Net-master/AngryBot2Net-master/ProjectSettings/QualitySettings.asset
  artifactKey: Guid(9d5d50de6ee766c4791d8d2d4a5f2928) Importer(815301076,1909f56bfc062723c751e8b465ee728b)
Start importing Assets/AngryBot2Net-master/AngryBot2Net-master/ProjectSettings/QualitySettings.asset using Guid(9d5d50de6ee766c4791d8d2d4a5f2928) Importer(815301076,1909f56bfc062723c751e8b465ee728b)  -> (artifact id: '3099debf8e09d4dd53afec8902fb9400') in 0.000778 seconds
Number of updated asset objects reloaded before import = 0
Number of asset objects unloaded after import = 0
========================================================================
Received Import Request.
  Time since last request: 0.005211 seconds.
  path: Assets/AngryBot2Net-master/AngryBot2Net-master/ProjectSettings/TagManager.asset
  artifactKey: Guid(7d570e8fa0904b84f9dbe07615d28cdd) Importer(815301076,1909f56bfc062723c751e8b465ee728b)
Start importing Assets/AngryBot2Net-master/AngryBot2Net-master/ProjectSettings/TagManager.asset using Guid(7d570e8fa0904b84f9dbe07615d28cdd) Importer(815301076,1909f56bfc062723c751e8b465ee728b)  -> (artifact id: 'cb0698bf411be1ddaa0c72f76a8816cb') in 0.000869 seconds
Number of updated asset objects reloaded before import = 0
Number of asset objects unloaded after import = 0
========================================================================
Received Import Request.
  Time since last request: 0.002206 seconds.
  path: Assets/AngryBot2Net-master/AngryBot2Net-master/ProjectSettings/URPProjectSettings.asset
  artifactKey: Guid(238e38461e114e344825475e35b54919) Importer(815301076,1909f56bfc062723c751e8b465ee728b)
Start importing Assets/AngryBot2Net-master/AngryBot2Net-master/ProjectSettings/URPProjectSettings.asset using Guid(238e38461e114e344825475e35b54919) Importer(815301076,1909f56bfc062723c751e8b465ee728b)  -> (artifact id: '0010bd65eae8d110cec034011f213fc7') in 0.000709 seconds
Number of updated asset objects reloaded before import = 0
Number of asset objects unloaded after import = 0
========================================================================
Received Import Request.
  Time since last request: 0.002460 seconds.
  path: Assets/AngryBot2Net-master/AngryBot2Net-master/ProjectSettings/XRSettings.asset
  artifactKey: Guid(357edb7990c0130438a0e10e0882986f) Importer(815301076,1909f56bfc062723c751e8b465ee728b)
Start importing Assets/AngryBot2Net-master/AngryBot2Net-master/ProjectSettings/XRSettings.asset using Guid(357edb7990c0130438a0e10e0882986f) Importer(815301076,1909f56bfc062723c751e8b465ee728b) Failed to load 'C:/Users/G/Desktop/temp/Assets/AngryBot2Net-master/AngryBot2Net-master/ProjectSettings/XRSettings.asset'. File may be corrupted or was serialized with a newer version of Unity.
 -> (artifact id: '219bf1dbd8e49687828ec3af922b0f1e') in 0.000796 seconds
Number of updated asset objects reloaded before import = 0
Number of asset objects unloaded after import = 0
